[0913/112717.879:ERROR:devtools_http_handler.cc(293)] Error writing DevTools active port to file
[0913/112717.879:ERROR:cache_util_win.cc(20)] Unable to move the cache: Access is denied. (0x5)
[0913/112717.880:ERROR:disk_cache.cc(204)] Unable to create cache
[0913/112717.880:ERROR:shader_disk_cache.cc(613)] Shader Cache Creation failed: -2
[0913/112717.882:ERROR:cache_util_win.cc(20)] Unable to move the cache: Access is denied. (0x5)
[0913/112717.882:ERROR:disk_cache.cc(204)] Unable to create cache
[0913/112717.882:ERROR:shader_disk_cache.cc(613)] Shader Cache Creation failed: -2
[0913/112717.886:ERROR:cache_util_win.cc(20)] Unable to move the cache: Access is denied. (0x5)
[0913/112717.887:ERROR:disk_cache.cc(204)] Unable to create cache
[0913/112717.887:ERROR:shader_disk_cache.cc(613)] Shader Cache Creation failed: -2
[0913/112717.891:ERROR:cache_util_win.cc(20)] Unable to move the cache: Access is denied. (0x5)
[0913/112717.893:ERROR:disk_cache.cc(204)] Unable to create cache
[0913/112717.893:ERROR:shader_disk_cache.cc(613)] Shader Cache Creation failed: -2
[0913/112717.899:ERROR:cache_util_win.cc(20)] Unable to move the cache: Access is denied. (0x5)
[0913/112717.899:ERROR:disk_cache.cc(204)] Unable to create cache
[0913/112717.899:ERROR:shader_disk_cache.cc(613)] Shader Cache Creation failed: -2
[0913/112719.900:WARNING:sqlite_persistent_cookie_store.cc(1666)] Unable to delete session cookies.
[0913/112719.901:ERROR:cache_util_win.cc(20)] Unable to move the cache: Access is denied. (0x5)
[0913/112719.901:ERROR:cache_util_win.cc(20)] Unable to move the cache: Access is denied. (0x5)
[0913/112719.901:ERROR:disk_cache.cc(204)] Unable to create cache
[0913/112719.901:ERROR:disk_cache.cc(204)] Unable to create cache
[0913/112719.914:WARNING:sqlite_persistent_cookie_store.cc(1666)] Unable to delete session cookies.
[0913/112719.915:ERROR:cache_util_win.cc(20)] Unable to move the cache: Access is denied. (0x5)
[0913/112719.915:ERROR:disk_cache.cc(204)] Unable to create cache
[0913/112719.915:ERROR:cache_util_win.cc(20)] Unable to move the cache: Access is denied. (0x5)
[0913/112719.915:ERROR:disk_cache.cc(204)] Unable to create cache
[0913/112719.917:ERROR:cache_util_win.cc(20)] Unable to move the cache: Access is denied. (0x5)
[0913/112719.917:ERROR:disk_cache.cc(204)] Unable to create cache
[0913/112720.909:ERROR:service_worker_storage.cc(1904)] Failed to delete the database: Database IO error
[0913/112720.909:ERROR:service_worker_storage.cc(1904)] Failed to delete the database: Database IO error
[0913/112720.909:ERROR:service_worker_storage.cc(1904)] Failed to delete the database: Database IO error
[0913/112720.909:ERROR:service_worker_storage.cc(1904)] Failed to delete the database: Database IO error
[0913/112720.925:ERROR:service_worker_storage.cc(1904)] Failed to delete the database: Database IO error
[0913/112724.409:INFO:CONSOLE(22)] "1663048644408 dobj:{"type":"profile","profile":{"ct_optout":false},"id":"8R9-67W-W75Z","pg":1}", source: https://d2r1yp2w7bby2u.cloudfront.net/js/a.js (22)
[0913/112724.410:INFO:CONSOLE(22)] "1663048644410 stored in WZRK_L reqNo : 1-> https://wzrkt.com/a?t=96&type=push&d=N4IgLgngDgpiBcIoCcD2AzAlgGzgGiTS1wVAGMwB9VKMVAVzAXQENsBnGAXwMwBMEIABwAlAJwBaAGwB2AOoS5MgKwAtEASgBzBAEYuQAAA%3D&optOut=false&rn=1&i=1663048644&sn=0", source: https://d2r1yp2w7bby2u.cloudfront.net/js/a.js (22)
[0913/112724.411:INFO:CONSOLE(22)] "1663048644411 req snt -> url: https://wzrkt.com/a?t=96&type=push&d=N4IgLgngDgpiBcIoCcD2AzAlgGzgGiTS1wVAGMwB9VKMVAVzAXQENsBnGAXwMwBMEIABwAlAJwBaAGwB2AOoS5MgKwAtEASgBzBAEYuQAAA%3D&optOut=false&rn=1&i=1663048644&sn=0&useIP=false&r=1663048644411", source: https://d2r1yp2w7bby2u.cloudfront.net/js/a.js (22)
[0913/112724.413:INFO:CONSOLE(22)] "1663048644413 dobj:{"id":"8R9-67W-W75Z","pg":1,"cpg":"https://udaan.com/listing/TLCTSFKYJZPCP0T8D1GHPEQH8TLKWFH","WZRK_CAMP":{"wmp":0,"tlc":[]}}", source: https://d2r1yp2w7bby2u.cloudfront.net/js/a.js (22)
[0913/112724.413:INFO:CONSOLE(22)] "1663048644414 stored in WZRK_L reqNo : 2-> https://wzrkt.com/a?t=96&type=page&d=N4IglgJiBcIBwCUCcBaAbAdgOoqxgrAFogA0IADgOYwCMZAxlTCABYAub5AztAPS8BXCAENhAOwB09APYBbXgBswXNmDGVeAFQAyAYU0BlAGIBpAJoApQgAVd1gAya4AERoBxABLWAogEUPcDomWEYepCBYhAgmAPq6AIIAstYwoADusuQw9mRsCvQwANoAugC%2BpUAAA&rn=2&i=1663048644&sn=0", source: https://d2r1yp2w7bby2u.cloudfront.net/js/a.js (22)
[0913/112724.425:INFO:CONSOLE(2)] "mp_id 183356c7747a42-07d04be1297e89-c571b34-75300-183356c7748d85", source: https://udaan.com/main.17ed6be84f52fd9fdf67.js (2)
[0913/112724.697:INFO:CONSOLE(22)] "1663048644697 del event: 1 data->https://wzrkt.com/a?t=96&type=push&d=N4IgLgngDgpiBcIoCcD2AzAlgGzgGiTS1wVAGMwB9VKMVAVzAXQENsBnGAXwMwBMEIABwAlAJwBaAGwB2AOoS5MgKwAtEASgBzBAEYuQAAA%3D&optOut=false&rn=1&i=1663048644&sn=0", source: https://d2r1yp2w7bby2u.cloudfront.net/js/a.js (22)
[0913/112724.697:INFO:CONSOLE(22)] "1663048644698 Cookie was null set to f346c6880fd842d78d888cc1f548aea2", source: https://d2r1yp2w7bby2u.cloudfront.net/js/a.js (22)
[0913/112724.719:INFO:CONSOLE(22)] "1663048644719 dobj:{"j_n":"Zw==","i_n":"YmNqfwcEBw0=","d_ts":0,"dh":0,"v":1,"j_s":"{ }","id":"8R9-67W-W75Z","e_ts":0,"r_ts":1663048644}", source: https://d2r1yp2w7bby2u.cloudfront.net/js/a.js (22)
[0913/112724.720:INFO:CONSOLE(22)] "1663048644720 req snt -> url: https://wzrkt.com/a?t=96&type=page&d=N4IglgJiBcIBwCUCcBaAbAdgOoqxgrAFogA0IADgOYwCMZAxlTCABYAub5AztAPS8BXCAENhAOwB09APYBbXgBswXNmDGVeAFQAyAYU0BlAGIBpAJoApQgAVd1gAya4AERoBxABLWAogEUPcDomWEYepCBYhAgmAPq6AIIAstYwoADusuQw9mRsCvQwANoAugC%2BpUAAA&rn=2&i=1663048644&sn=0&gc=f346c6880fd842d78d888cc1f548aea2&arp=N4IgVg%2BgdiBcIC0DuBeFIA0ICW04gE0BbAOQEcAzJAYwFEAhJABnSwBMIAXAZzifYAWfLADc4ARiyRe8YAAIAvphxt8ADgBKATgC0ANgDsAdR1GDAVgTKAplxn8QAJzsS9egMxMALGr1evCkAAA%3D&useIP=false&r=1663048644720", source: https://d2r1yp2w7bby2u.cloudfront.net/js/a.js (22)
[0913/112724.856:INFO:CONSOLE(2)] "Uncaught (in promise) Error: Not Authorised", source: https://udaan.com/vendors.17ed6be84f52fd9fdf67.js (2)
[0913/112724.856:INFO:CONSOLE(2)] "Uncaught (in promise) TypeError: Failed to execute 'json' on 'Response': body stream already read", source: https://udaan.com/vendors.17ed6be84f52fd9fdf67.js (2)
[0913/112724.876:INFO:CONSOLE(22)] "1663048644875 del event: 2 data->https://wzrkt.com/a?t=96&type=page&d=N4IglgJiBcIBwCUCcBaAbAdgOoqxgrAFogA0IADgOYwCMZAxlTCABYAub5AztAPS8BXCAENhAOwB09APYBbXgBswXNmDGVeAFQAyAYU0BlAGIBpAJoApQgAVd1gAya4AERoBxABLWAogEUPcDomWEYepCBYhAgmAPq6AIIAstYwoADusuQw9mRsCvQwANoAugC%2BpUAAA&rn=2&i=1663048644&sn=0", source: https://d2r1yp2w7bby2u.cloudfront.net/js/a.js (22)
[0913/112727.042:INFO:CONSOLE(22)] "1663048647041 dobj:{"type":"profile","profile":{"ct_optout":false},"id":"8R9-67W-W75Z","pg":1}", source: https://d2r1yp2w7bby2u.cloudfront.net/js/a.js (22)
[0913/112727.043:INFO:CONSOLE(22)] "1663048647042 stored in WZRK_L reqNo : 1-> https://wzrkt.com/a?t=96&type=push&d=N4IgLgngDgpiBcIoCcD2AzAlgGzgGiTS1wVAGMwB9VKMVAVzAXQENsBnGAXwMwBMEIABwAlAJwBaAGwB2AOoS5MgKwAtEASgBzBAEYuQAAA%3D&optOut=false&rn=1&i=1663048647&sn=0", source: https://d2r1yp2w7bby2u.cloudfront.net/js/a.js (22)
[0913/112727.043:INFO:CONSOLE(22)] "1663048647043 req snt -> url: https://wzrkt.com/a?t=96&type=push&d=N4IgLgngDgpiBcIoCcD2AzAlgGzgGiTS1wVAGMwB9VKMVAVzAXQENsBnGAXwMwBMEIABwAlAJwBaAGwB2AOoS5MgKwAtEASgBzBAEYuQAAA%3D&optOut=false&rn=1&i=1663048647&sn=0&useIP=false&r=1663048647043", source: https://d2r1yp2w7bby2u.cloudfront.net/js/a.js (22)
[0913/112727.046:INFO:CONSOLE(22)] "1663048647045 dobj:{"id":"8R9-67W-W75Z","pg":1,"cpg":"https://udaan.com/listing/TLCTSFKYJZPCP0T8D1GHPEQH8TLKWFH","WZRK_CAMP":{"wmp":0,"tlc":[]}}", source: https://d2r1yp2w7bby2u.cloudfront.net/js/a.js (22)
[0913/112727.046:INFO:CONSOLE(22)] "1663048647046 stored in WZRK_L reqNo : 2-> https://wzrkt.com/a?t=96&type=page&d=N4IglgJiBcIBwCUCcBaAbAdgOoqxgrAFogA0IADgOYwCMZAxlTCABYAub5AztAPS8BXCAENhAOwB09APYBbXgBswXNmDGVeAFQAyAYU0BlAGIBpAJoApQgAVd1gAya4AERoBxABLWAogEUPcDomWEYepCBYhAgmAPq6AIIAstYwoADusuQw9mRsCvQwANoAugC%2BpUAAA&rn=2&i=1663048647&sn=0", source: https://d2r1yp2w7bby2u.cloudfront.net/js/a.js (22)
[0913/112727.057:INFO:CONSOLE(2)] "mp_id 183356c818f420-09611ae4837dbd-c571b34-75300-183356c8190dc0", source: https://udaan.com/main.17ed6be84f52fd9fdf67.js (2)
[0913/112727.335:INFO:CONSOLE(22)] "1663048647334 del event: 1 data->https://wzrkt.com/a?t=96&type=push&d=N4IgLgngDgpiBcIoCcD2AzAlgGzgGiTS1wVAGMwB9VKMVAVzAXQENsBnGAXwMwBMEIABwAlAJwBaAGwB2AOoS5MgKwAtEASgBzBAEYuQAAA%3D&optOut=false&rn=1&i=1663048647&sn=0", source: https://d2r1yp2w7bby2u.cloudfront.net/js/a.js (22)
[0913/112727.335:INFO:CONSOLE(22)] "1663048647335 Cookie was null set to b421533088964a9eb263055d7b787dab", source: https://d2r1yp2w7bby2u.cloudfront.net/js/a.js (22)
[0913/112727.366:INFO:CONSOLE(22)] "1663048647366 dobj:{"j_n":"Zw==","i_n":"YmNlcgUEBgY=","d_ts":0,"dh":0,"v":1,"j_s":"{ }","id":"8R9-67W-W75Z","e_ts":0,"r_ts":1663048647}", source: https://d2r1yp2w7bby2u.cloudfront.net/js/a.js (22)
[0913/112727.367:INFO:CONSOLE(22)] "1663048647367 req snt -> url: https://wzrkt.com/a?t=96&type=page&d=N4IglgJiBcIBwCUCcBaAbAdgOoqxgrAFogA0IADgOYwCMZAxlTCABYAub5AztAPS8BXCAENhAOwB09APYBbXgBswXNmDGVeAFQAyAYU0BlAGIBpAJoApQgAVd1gAya4AERoBxABLWAogEUPcDomWEYepCBYhAgmAPq6AIIAstYwoADusuQw9mRsCvQwANoAugC%2BpUAAA&rn=2&i=1663048647&sn=0&gc=b421533088964a9eb263055d7b787dab&arp=N4IgVg%2BgdiBcIC0DuBeFIA0ICW04gE0BbAOQBsBjAcwFUBRAISoPSwBMIAXAZzgAZ2AC35YAbnACMWSL3jAABAF9MONvgAcAJQCcAWgBsAdgDqu44YCsCFQFMusgSABO9yfv0BmPgBZ1%2B74aKQA%3D&useIP=false&r=1663048647366", source: https://d2r1yp2w7bby2u.cloudfront.net/js/a.js (22)
[0913/112727.373:INFO:CONSOLE(22)] "1663048647373 CleverTap error: 512: Opened event structure invalid. Not sent.", source: https://d2r1yp2w7bby2u.cloudfront.net/js/a.js (22)
[0913/112727.378:INFO:CONSOLE(22)] "1663048647378 dobj:{"type":"event","evtName":"Opened","evtData":{"name":"Opened","~screenName":"AnonymousHome","~screenId":"","duration_ms":14,"~previousScreenName":"ListingDetails","platform":"web","screen_width":800,"screen_height":600,"token":"a67dbaed1119f2fb093820c9a14a2bcc"},"wzrk_error":{"c":512,"d":"Opened event structure invalid. Not sent."},"id":"8R9-67W-W75Z","g":"f346c6880fd842d78d888cc1f548aea2","pg":1,"WZRK_CAMP":{"wmp":0,"tlc":[]}}", source: https://d2r1yp2w7bby2u.cloudfront.net/js/a.js (22)
[0913/112727.379:INFO:CONSOLE(22)] "1663048647379 stored in WZRK_L reqNo : 3-> https://wzrkt.com/a?t=96&type=push&d=N4IgLgngDgpiBcIYDcYDswgDROWAcgIYC2ciA8rGjACba5gAihYhCoaJZIl6t9APwDOAYwBOMdEVIIQAQTQB7NBGKKArkIASimTmHjJaAJJ1E9GurEsAlsoD6xIQgCMAFn1QJyO5oDKhlJcsgAyNkJgNmgA5owwrDYANs44UIksAGaKYsSyAO4wAEb0ohLo9nk2NGAAFggAHAAMjTilRvY1MDbRNZjwAGzNOGCKANbosoT9AOw0hYS0LksAnBkATBmFjcsAzPVrjSLLhO6Ea4UiIiAAvjh5AF5io%2FYwYmLZ7CBX8ACsLms4Mw8Ki0AAEKHQYFBETE6hEYCsMFBUWQhESVQAdKD8IooUJIRibjgqrJ6gAlZYAWhmAHVKTTpj8AFr0aKyDI7Nz9ET9epNDI0epuNY0ab1QV8y4uDI%2FNz1BZnehQNnwFw4GlMskAaXsAGE5ABZAAKnzyxCgCBa4ES3wA2gBda7XIAA%3D&rn=3&i=1663048647&sn=1", source: https://d2r1yp2w7bby2u.cloudfront.net/js/a.js (22)
[0913/112727.379:INFO:CONSOLE(22)] "1663048647379 dobj:{"j_n":"Zw==","i_n":"YmNqfwcEBw0=","d_ts":0,"dh":0,"v":1,"j_s":"{ }","id":"8R9-67W-W75Z","e_ts":0,"r_ts":1663048644}", source: https://d2r1yp2w7bby2u.cloudfront.net/js/a.js (22)
[0913/112727.380:INFO:CONSOLE(22)] "1663048647380 req snt -> url: https://wzrkt.com/a?t=96&type=push&d=N4IgLgngDgpiBcIYDcYDswgDROWAcgIYC2ciA8rGjACba5gAihYhCoaJZIl6t9APwDOAYwBOMdEVIIQAQTQB7NBGKKArkIASimTmHjJaAJJ1E9GurEsAlsoD6xIQgCMAFn1QJyO5oDKhlJcsgAyNkJgNmgA5owwrDYANs44UIksAGaKYsSyAO4wAEb0ohLo9nk2NGAAFggAHAAMjTilRvY1MDbRNZjwAGzNOGCKANbosoT9AOw0hYS0LksAnBkATBmFjcsAzPVrjSLLhO6Ea4UiIiAAvjh5AF5io%2FYwYmLZ7CBX8ACsLms4Mw8Ki0AAEKHQYFBETE6hEYCsMFBUWQhESVQAdKD8IooUJIRibjgqrJ6gAlZYAWhmAHVKTTpj8AFr0aKyDI7Nz9ET9epNDI0epuNY0ab1QV8y4uDI%2FNz1BZnehQNnwFw4GlMskAaXsAGE5ABZAAKnzyxCgCBa4ES3wA2gBda7XIAA%3D&rn=3&i=1663048647&sn=1&gc=f346c6880fd842d78d888cc1f548aea2&arp=N4IgVg%2BgdiBcIC0DuBeFIA0ICW04gE0BbAOQEcAzJAYwFEAhJABnSwBMIAXAZzifYAWfLADc4ARiyRe8YAAIAvphxt8ADgBKATgC0ANgDsAdR1GDAVgTKAplxn8QAJzsS9egMxMALGr1evCkAAA%3D&useIP=false&r=1663048647379", source: https://d2r1yp2w7bby2u.cloudfront.net/js/a.js (22)
[0913/112727.381:INFO:CONSOLE(22)] "1663048647381 dobj:{"type":"event","evtName":"Opened","evtData":{"name":"Opened","~screenName":"MarketHomeFork","~screenId":"","duration_ms":16,"~previousScreenName":"ListingDetails","platform":"web","screen_width":800,"screen_height":600,"token":"a67dbaed1119f2fb093820c9a14a2bcc"},"id":"8R9-67W-W75Z","g":"f346c6880fd842d78d888cc1f548aea2","pg":1,"WZRK_CAMP":{"wmp":0,"tlc":[]}}", source: https://d2r1yp2w7bby2u.cloudfront.net/js/a.js (22)
[0913/112727.382:INFO:CONSOLE(22)] "1663048647382 stored in WZRK_L reqNo : 4-> https://wzrkt.com/a?t=96&type=push&d=N4IgLgngDgpiBcIYDcYDswgDROWAcgIYC2ciA8rGjACba5gAihYhCoaJZIl6t9APwDOAYwBOMdEVIIQAWUJiA1jDAAJAPakAYhuWDRE9AEk6iejQCuYlgEsNaAPrEhCAIwA2HAKgTk9yyEAZXFJNGluABlbITBbNABzRlVCWwAbVxwoNJYAMz1iWQB3GAAjekMwxyLbGjAACwQADgAGFpxK9Ed6mFsE%2Bsx4DzacMA0VNFlCDwB2GlLCWjdlgE5cgCZc0paVgGYm9ZaRFcI3ABZCddKRERAAXxxa2SaAJRWAWlmAdXevmYBWABa9ASslyuzOHhEHiarVyNCaZ3WNBmTQRsJubly%2FzOTUWl3oUFB8DcOC%2BgJeAGlHABhACCcgACuwQEViFAEO1wGlbvAANoAXTudyAAA%3D%3D&rn=4&i=1663048647&sn=0", source: https://d2r1yp2w7bby2u.cloudfront.net/js/a.js (22)
[0913/112727.382:INFO:CONSOLE(22)] "1663048647382 dobj:{"j_n":"Zw==","i_n":"YmNqfwcEBw0=","d_ts":0,"dh":0,"v":1,"j_s":"{ }","id":"8R9-67W-W75Z","e_ts":0,"r_ts":1663048644}", source: https://d2r1yp2w7bby2u.cloudfront.net/js/a.js (22)
[0913/112727.383:INFO:CONSOLE(22)] "1663048647383 req snt -> url: https://wzrkt.com/a?t=96&type=push&d=N4IgLgngDgpiBcIYDcYDswgDROWAcgIYC2ciA8rGjACba5gAihYhCoaJZIl6t9APwDOAYwBOMdEVIIQAWUJiA1jDAAJAPakAYhuWDRE9AEk6iejQCuYlgEsNaAPrEhCAIwA2HAKgTk9yyEAZXFJNGluABlbITBbNABzRlVCWwAbVxwoNJYAMz1iWQB3GAAjekMwxyLbGjAACwQADgAGFpxK9Ed6mFsE%2Bsx4DzacMA0VNFlCDwB2GlLCWjdlgE5cgCZc0paVgGYm9ZaRFcI3ABZCddKRERAAXxxa2SaAJRWAWlmAdXevmYBWABa9ASslyuzOHhEHiarVyNCaZ3WNBmTQRsJubly%2FzOTUWl3oUFB8DcOC%2BgJeAGlHABhACCcgACuwQEViFAEO1wGlbvAANoAXTudyAAA%3D%3D&rn=4&i=1663048647&sn=0&gc=f346c6880fd842d78d888cc1f548aea2&arp=N4IgVg%2BgdiBcIC0DuBeFIA0ICW04gE0BbAOQEcAzJAYwFEAhJABnSwBMIAXAZzifYAWfLADc4ARiyRe8YAAIAvphxt8ADgBKATgC0ANgDsAdR1GDAVgTKAplxn8QAJzsS9egMxMALGr1evCkAAA%3D&useIP=false&r=1663048647382", source: https://d2r1yp2w7bby2u.cloudfront.net/js/a.js (22)
[0913/112727.515:INFO:CONSOLE(2)] "Uncaught (in promise) Error: Not Authorised", source: https://udaan.com/vendors.17ed6be84f52fd9fdf67.js (2)
[0913/112727.515:INFO:CONSOLE(2)] "Uncaught (in promise) TypeError: Failed to execute 'json' on 'Response': body stream already read", source: https://udaan.com/vendors.17ed6be84f52fd9fdf67.js (2)
[0913/112727.518:INFO:CONSOLE(22)] "1663048647518 del event: 2 data->https://wzrkt.com/a?t=96&type=page&d=N4IglgJiBcIBwCUCcBaAbAdgOoqxgrAFogA0IADgOYwCMZAxlTCABYAub5AztAPS8BXCAENhAOwB09APYBbXgBswXNmDGVeAFQAyAYU0BlAGIBpAJoApQgAVd1gAya4AERoBxABLWAogEUPcDomWEYepCBYhAgmAPq6AIIAstYwoADusuQw9mRsCvQwANoAugC%2BpUAAA&rn=2&i=1663048647&sn=0", source: https://d2r1yp2w7bby2u.cloudfront.net/js/a.js (22)
[0913/112727.534:INFO:CONSOLE(22)] "1663048647534 del event: 3 data->https://wzrkt.com/a?t=96&type=push&d=N4IgLgngDgpiBcIYDcYDswgDROWAcgIYC2ciA8rGjACba5gAihYhCoaJZIl6t9APwDOAYwBOMdEVIIQAQTQB7NBGKKArkIASimTmHjJaAJJ1E9GurEsAlsoD6xIQgCMAFn1QJyO5oDKhlJcsgAyNkJgNmgA5owwrDYANs44UIksAGaKYsSyAO4wAEb0ohLo9nk2NGAAFggAHAAMjTilRvY1MDbRNZjwAGzNOGCKANbosoT9AOw0hYS0LksAnBkATBmFjcsAzPVrjSLLhO6Ea4UiIiAAvjh5AF5io%2FYwYmLZ7CBX8ACsLms4Mw8Ki0AAEKHQYFBETE6hEYCsMFBUWQhESVQAdKD8IooUJIRibjgqrJ6gAlZYAWhmAHVKTTpj8AFr0aKyDI7Nz9ET9epNDI0epuNY0ab1QV8y4uDI%2FNz1BZnehQNnwFw4GlMskAaXsAGE5ABZAAKnzyxCgCBa4ES3wA2gBda7XIAA%3D&rn=3&i=1663048647&sn=1", source: https://d2r1yp2w7bby2u.cloudfront.net/js/a.js (22)
[0913/112727.547:INFO:CONSOLE(22)] "1663048647548 del event: 4 data->https://wzrkt.com/a?t=96&type=push&d=N4IgLgngDgpiBcIYDcYDswgDROWAcgIYC2ciA8rGjACba5gAihYhCoaJZIl6t9APwDOAYwBOMdEVIIQAWUJiA1jDAAJAPakAYhuWDRE9AEk6iejQCuYlgEsNaAPrEhCAIwA2HAKgTk9yyEAZXFJNGluABlbITBbNABzRlVCWwAbVxwoNJYAMz1iWQB3GAAjekMwxyLbGjAACwQADgAGFpxK9Ed6mFsE%2Bsx4DzacMA0VNFlCDwB2GlLCWjdlgE5cgCZc0paVgGYm9ZaRFcI3ABZCddKRERAAXxxa2SaAJRWAWlmAdXevmYBWABa9ASslyuzOHhEHiarVyNCaZ3WNBmTQRsJubly%2FzOTUWl3oUFB8DcOC%2BgJeAGlHABhACCcgACuwQEViFAEO1wGlbvAANoAXTudyAAA%3D%3D&rn=4&i=1663048647&sn=0", source: https://d2r1yp2w7bby2u.cloudfront.net/js/a.js (22)
[0913/112727.727:ERROR:cache_util_win.cc(20)] Unable to move the cache: Access is denied. (0x5)
[0913/112727.727:ERROR:disk_cache.cc(204)] Unable to create cache
[0913/112727.727:ERROR:shader_disk_cache.cc(613)] Shader Cache Creation failed: -2
[0913/112727.958:INFO:CONSOLE(2)] "mp_id 183356c8514b48-071c48e0da17ac-c571b34-75300-183356c8515dba", source: https://udaan.com/main.17ed6be84f52fd9fdf67.js (2)
[0913/112727.961:INFO:CONSOLE(22)] "1663048647961 dobj:{"type":"profile","profile":{"ct_optout":false},"id":"8R9-67W-W75Z","g":"fefb7ab9c3c84caa9a9e566f0953ea21","pg":1}", source: https://d2r1yp2w7bby2u.cloudfront.net/js/a.js (22)
[0913/112727.962:INFO:CONSOLE(22)] "1663048647961 stored in WZRK_L reqNo : 1-> https://wzrkt.com/a?t=96&type=push&d=N4IgLgngDgpiBcIoCcD2AzAlgGzgGiTS1wVAGMwB9VKMVAVzAXQENsBnGAXwMwBMEIABwAlAJwBaAGwB2AOoS5MgKwAtEAQDmg9DHQAjGS31iyAZjJCALGRYsx9mMqlT0ABjHKzMFgCYAjBpI2vD%2BXEA&optOut=false&rn=1&i=1663048647&sn=0", source: https://d2r1yp2w7bby2u.cloudfront.net/js/a.js (22)
[0913/112727.962:INFO:CONSOLE(22)] "1663048647962 dobj:{"j_n":"YmJmfwYHAgc=","i_n":"YmJmfwYHAgc=","d_ts":0,"dh":0,"v":1,"j_s":"{ }","id":"8R9-67W-W75Z","e_ts":0,"r_ts":1663048554}", source: https://d2r1yp2w7bby2u.cloudfront.net/js/a.js (22)
[0913/112727.963:INFO:CONSOLE(22)] "1663048647962 req snt -> url: https://wzrkt.com/a?t=96&type=push&d=N4IgLgngDgpiBcIoCcD2AzAlgGzgGiTS1wVAGMwB9VKMVAVzAXQENsBnGAXwMwBMEIABwAlAJwBaAGwB2AOoS5MgKwAtEAQDmg9DHQAjGS31iyAZjJCALGRYsx9mMqlT0ABjHKzMFgCYAjBpI2vD%2BXEA&optOut=false&rn=1&i=1663048647&sn=0&gc=fefb7ab9c3c84caa9a9e566f0953ea21&arp=N4IgVg%2BgdiBcIE0C2ApJAzA7ggEgQQHMBjAXhABoQBLaORVDbfYsygEwgBcBnOABnYALfpQBucAIyVIveMAAEAXwrU2dABwAlAJwBaAGwB2AOq7jhgKwAtFQFMusgSABODyfv0BmPgBZ1Fix9FIAAA%3D%3D&useIP=false&r=1663048647962", source: https://d2r1yp2w7bby2u.cloudfront.net/js/a.js (22)
[0913/112727.964:INFO:CONSOLE(22)] "1663048647964 dobj:{"id":"8R9-67W-W75Z","g":"fefb7ab9c3c84caa9a9e566f0953ea21","pg":1,"cpg":"https://udaan.com/listing/TLCTSFKYJZPCP0T8D1GHPEQH8TLKWFH","WZRK_CAMP":{"wmp":0,"tlc":[]}}", source: https://d2r1yp2w7bby2u.cloudfront.net/js/a.js (22)
[0913/112727.965:INFO:CONSOLE(22)] "1663048647964 stored in WZRK_L reqNo : 2-> https://wzrkt.com/a?t=96&type=page&d=N4IglgJiBcIBwCUCcBaAbAdgOoqxgrAFogA0IA5jCAGYCm1ARhgIYNIDGAzO3ACzvNmSIbXxo01AAxJ8nWswBMARlIgADpWhKy7DVQAWAF0NqAztAD0FgK4RBAOwB07APYBbCwBswpw2HvkFgAqADIAwkEAygBiANIAmgBShAAKYSmSQXAAIkoA4gASKQCiAIoFcKGxWNEFqliECLEA%2BmEAggCyKTCgAO5uajCSZIae7DAA2gC6AL4zQAAA%3D&rn=2&i=1663048647&sn=0", source: https://d2r1yp2w7bby2u.cloudfront.net/js/a.js (22)
[0913/112727.965:INFO:CONSOLE(22)] "1663048647964 dobj:{"j_n":"YmJmfwYHAgc=","i_n":"YmJmfwYHAgc=","d_ts":0,"dh":0,"v":1,"j_s":"{ }","id":"8R9-67W-W75Z","e_ts":0,"r_ts":1663048554}", source: https://d2r1yp2w7bby2u.cloudfront.net/js/a.js (22)
[0913/112727.965:INFO:CONSOLE(22)] "1663048647965 req snt -> url: https://wzrkt.com/a?t=96&type=page&d=N4IglgJiBcIBwCUCcBaAbAdgOoqxgrAFogA0IA5jCAGYCm1ARhgIYNIDGAzO3ACzvNmSIbXxo01AAxJ8nWswBMARlIgADpWhKy7DVQAWAF0NqAztAD0FgK4RBAOwB07APYBbCwBswpw2HvkFgAqADIAwkEAygBiANIAmgBShAAKYSmSQXAAIkoA4gASKQCiAIoFcKGxWNEFqliECLEA%2BmEAggCyKTCgAO5uajCSZIae7DAA2gC6AL4zQAAA%3D&rn=2&i=1663048647&sn=0&gc=fefb7ab9c3c84caa9a9e566f0953ea21&arp=N4IgVg%2BgdiBcIE0C2ApJAzA7ggEgQQHMBjAXhABoQBLaORVDbfYsygEwgBcBnOABnYALfpQBucAIyVIveMAAEAXwrU2dABwAlAJwBaAGwB2AOq7jhgKwAtFQFMusgSABODyfv0BmPgBZ1Fix9FIAAA%3D%3D&useIP=false&r=1663048647964", source: https://d2r1yp2w7bby2u.cloudfront.net/js/a.js (22)
[0913/112728.272:INFO:CONSOLE(2)] "mp_id 183356c7747a42-07d04be1297e89-c571b34-75300-183356c7748d85", source: https://udaan.com/main.17ed6be84f52fd9fdf67.js (2)
[0913/112728.277:INFO:CONSOLE(22)] "1663048648277 dobj:{"type":"profile","profile":{"ct_optout":false},"id":"8R9-67W-W75Z","g":"fefb7ab9c3c84caa9a9e566f0953ea21","s":1663048647,"pg":1}", source: https://d2r1yp2w7bby2u.cloudfront.net/js/a.js (22)
[0913/112728.277:INFO:CONSOLE(22)] "1663048648277 stored in WZRK_L reqNo : 1-> https://wzrkt.com/a?t=96&type=push&d=N4IgLgngDgpiBcIoCcD2AzAlgGzgGiTS1wVAGMwB9VKMVAVzAXQENsBnGAXwMwBMEIABwAlAJwBaAGwB2AOoS5MgKwAtEAQDmg9DHQAjGS31iyAZjJCALGRYsx9mMqlT0ABjHKzMFgCYAjBog7Aj%2BLmZuVkJSVjIEUNrw%2FlxAAA%3D&optOut=false&rn=1&i=1663048648&sn=0", source: https://d2r1yp2w7bby2u.cloudfront.net/js/a.js (22)
[0913/112728.277:INFO:CONSOLE(22)] "1663048648277 dobj:{"j_n":"Zw==","i_n":"YmNqfwcEBw0=","d_ts":0,"dh":0,"v":1,"j_s":"{ }","id":"8R9-67W-W75Z","e_ts":0,"r_ts":1663048647}", source: https://d2r1yp2w7bby2u.cloudfront.net/js/a.js (22)
[0913/112728.278:INFO:CONSOLE(22)] "1663048648278 req snt -> url: https://wzrkt.com/a?t=96&type=push&d=N4IgLgngDgpiBcIoCcD2AzAlgGzgGiTS1wVAGMwB9VKMVAVzAXQENsBnGAXwMwBMEIABwAlAJwBaAGwB2AOoS5MgKwAtEAQDmg9DHQAjGS31iyAZjJCALGRYsx9mMqlT0ABjHKzMFgCYAjBog7Aj%2BLmZuVkJSVjIEUNrw%2FlxAAA%3D&optOut=false&rn=1&i=1663048648&sn=0&gc=fefb7ab9c3c84caa9a9e566f0953ea21&arp=N4IgVg%2BgdiBcIC0DuBeFIA0ICW04gE0BbAOQEcAzJAYwFEAhJABnSwBMIAXAZzifYAWfLADc4ARiyRe8YAAIAvphxt8ADgBKATgC0ANgDsAdR1GDAVgTKAplxn8QAJzsS9egMxMALGr1eDCkAAA%3D&useIP=false&r=1663048648278", source: https://d2r1yp2w7bby2u.cloudfront.net/js/a.js (22)
[0913/112728.279:INFO:CONSOLE(22)] "1663048648279 dobj:{"id":"8R9-67W-W75Z","g":"fefb7ab9c3c84caa9a9e566f0953ea21","s":1663048647,"pg":1,"cpg":"https://udaan.com/listing/TLCJN011RJC58WQQHTGR0HFE2C217FK","WZRK_CAMP":{"wmp":0,"tlc":[]}}", source: https://d2r1yp2w7bby2u.cloudfront.net/js/a.js (22)
[0913/112728.279:INFO:CONSOLE(22)] "1663048648280 stored in WZRK_L reqNo : 2-> https://wzrkt.com/a?t=96&type=page&d=N4IglgJiBcIBwCUCcBaAbAdgOoqxgrAFogA0IA5jCAGYCm1ARhgIYNIDGAzO3ACzvNmSIbXxo01AAxJ8nWswBMARlIgAzjCXjOk3nDS8MZAA6VoSsu1NUAFgBc7xtdAD0LgK4RBAOwB07AHsAWxcAGzA1OzBvchcAFQAZAGEAKQA5SSUlBBSk%2FDgsAEVCgAk4gHEESRKAMQBRBSTlDBqAaVUsQgRWgH0kgEEAWQAFGFAAdyDjGEkyO1D2GABtAF0AXzWgA%3D%3D&rn=2&i=1663048648&sn=0", source: https://d2r1yp2w7bby2u.cloudfront.net/js/a.js (22)
[0913/112728.279:INFO:CONSOLE(22)] "1663048648280 dobj:{"j_n":"Zw==","i_n":"YmNqfwcEBw0=","d_ts":0,"dh":0,"v":1,"j_s":"{ }","id":"8R9-67W-W75Z","e_ts":0,"r_ts":1663048647}", source: https://d2r1yp2w7bby2u.cloudfront.net/js/a.js (22)
[0913/112728.280:INFO:CONSOLE(22)] "1663048648280 req snt -> url: https://wzrkt.com/a?t=96&type=page&d=N4IglgJiBcIBwCUCcBaAbAdgOoqxgrAFogA0IA5jCAGYCm1ARhgIYNIDGAzO3ACzvNmSIbXxo01AAxJ8nWswBMARlIgAzjCXjOk3nDS8MZAA6VoSsu1NUAFgBc7xtdAD0LgK4RBAOwB07AHsAWxcAGzA1OzBvchcAFQAZAGEAKQA5SSUlBBSk%2FDgsAEVCgAk4gHEESRKAMQBRBSTlDBqAaVUsQgRWgH0kgEEAWQAFGFAAdyDjGEkyO1D2GABtAF0AXzWgA%3D%3D&rn=2&i=1663048648&sn=0&gc=fefb7ab9c3c84caa9a9e566f0953ea21&arp=N4IgVg%2BgdiBcIC0DuBeFIA0ICW04gE0BbAOQEcAzJAYwFEAhJABnSwBMIAXAZzifYAWfLADc4ARiyRe8YAAIAvphxt8ADgBKATgC0ANgDsAdR1GDAVgTKAplxn8QAJzsS9egMxMALGr1eDCkAAA%3D&useIP=false&r=1663048648280", source: https://d2r1yp2w7bby2u.cloudfront.net/js/a.js (22)
[0913/112728.295:INFO:CONSOLE(22)] "1663048648295 del event: 2 data->https://wzrkt.com/a?t=96&type=page&d=N4IglgJiBcIBwCUCcBaAbAdgOoqxgrAFogA0IA5jCAGYCm1ARhgIYNIDGAzO3ACzvNmSIbXxo01AAxJ8nWswBMARlIgADpWhKy7DVQAWAF0NqAztAD0FgK4RBAOwB07APYBbCwBswpw2HvkFgAqADIAwkEAygBiANIAmgBShAAKYSmSQXAAIkoA4gASKQCiAIoFcKGxWNEFqliECLEA%2BmEAggCyKTCgAO5uajCSZIae7DAA2gC6AL4zQAAA%3D&rn=2&i=1663048647&sn=0", source: https://d2r1yp2w7bby2u.cloudfront.net/js/a.js (22)
[0913/112728.298:INFO:CONSOLE(22)] "1663048648298 del event: 1 data->https://wzrkt.com/a?t=96&type=push&d=N4IgLgngDgpiBcIoCcD2AzAlgGzgGiTS1wVAGMwB9VKMVAVzAXQENsBnGAXwMwBMEIABwAlAJwBaAGwB2AOoS5MgKwAtEAQDmg9DHQAjGS31iyAZjJCALGRYsx9mMqlT0ABjHKzMFgCYAjBpI2vD%2BXEA&optOut=false&rn=1&i=1663048647&sn=0", source: https://d2r1yp2w7bby2u.cloudfront.net/js/a.js (22)
[0913/112728.298:INFO:CONSOLE(22)] "1663048648298 Cookie was fefb7ab9c3c84caa9a9e566f0953ea21 set to fefb7ab9c3c84caa9a9e566f0953ea21", source: https://d2r1yp2w7bby2u.cloudfront.net/js/a.js (22)
[0913/112728.417:INFO:CONSOLE(836)] "Uncaught (in promise) SyntaxError: Expected ',' or '}' after property value in JSON at position 31997", source: https://udaan.com/listing/TLCTSFKYJZPCP0T8D1GHPEQH8TLKWFH (836)
[0913/112728.473:INFO:CONSOLE(22)] "1663048648473 del event: 1 data->https://wzrkt.com/a?t=96&type=push&d=N4IgLgngDgpiBcIoCcD2AzAlgGzgGiTS1wVAGMwB9VKMVAVzAXQENsBnGAXwMwBMEIABwAlAJwBaAGwB2AOoS5MgKwAtEAQDmg9DHQAjGS31iyAZjJCALGRYsx9mMqlT0ABjHKzMFgCYAjBog7Aj%2BLmZuVkJSVjIEUNrw%2FlxAAA%3D&optOut=false&rn=1&i=1663048648&sn=0", source: https://d2r1yp2w7bby2u.cloudfront.net/js/a.js (22)
[0913/112728.473:INFO:CONSOLE(22)] "1663048648473 Cookie was fefb7ab9c3c84caa9a9e566f0953ea21 set to fefb7ab9c3c84caa9a9e566f0953ea21", source: https://d2r1yp2w7bby2u.cloudfront.net/js/a.js (22)
[0913/112728.474:INFO:CONSOLE(22)] "1663048648474 del event: 2 data->https://wzrkt.com/a?t=96&type=page&d=N4IglgJiBcIBwCUCcBaAbAdgOoqxgrAFogA0IA5jCAGYCm1ARhgIYNIDGAzO3ACzvNmSIbXxo01AAxJ8nWswBMARlIgAzjCXjOk3nDS8MZAA6VoSsu1NUAFgBc7xtdAD0LgK4RBAOwB07AHsAWxcAGzA1OzBvchcAFQAZAGEAKQA5SSUlBBSk%2FDgsAEVCgAk4gHEESRKAMQBRBSTlDBqAaVUsQgRWgH0kgEEAWQAFGFAAdyDjGEkyO1D2GABtAF0AXzWgA%3D%3D&rn=2&i=1663048648&sn=0", source: https://d2r1yp2w7bby2u.cloudfront.net/js/a.js (22)
[0913/112728.475:INFO:CONSOLE(2)] "Error during service worker registration: [object DOMException]", source: https://udaan.com/main.17ed6be84f52fd9fdf67.js (2)
[0913/112728.556:INFO:CONSOLE(22)] "1663048648554 dobj:{"type":"profile","profile":{"ct_optout":false},"id":"8R9-67W-W75Z","pg":1}", source: https://d2r1yp2w7bby2u.cloudfront.net/js/a.js (22)
[0913/112728.556:INFO:CONSOLE(22)] "1663048648556 stored in WZRK_L reqNo : 1-> https://wzrkt.com/a?t=96&type=push&d=N4IgLgngDgpiBcIoCcD2AzAlgGzgGiTS1wVAGMwB9VKMVAVzAXQENsBnGAXwMwBMEIABwAlAJwBaAGwB2AOoS5MgKwAtEASgBzBAEYuQAAA%3D&optOut=false&rn=1&i=1663048648&sn=0", source: https://d2r1yp2w7bby2u.cloudfront.net/js/a.js (22)
[0913/112728.557:INFO:CONSOLE(22)] "1663048648557 req snt -> url: https://wzrkt.com/a?t=96&type=push&d=N4IgLgngDgpiBcIoCcD2AzAlgGzgGiTS1wVAGMwB9VKMVAVzAXQENsBnGAXwMwBMEIABwAlAJwBaAGwB2AOoS5MgKwAtEASgBzBAEYuQAAA%3D&optOut=false&rn=1&i=1663048648&sn=0&useIP=false&r=1663048648556", source: https://d2r1yp2w7bby2u.cloudfront.net/js/a.js (22)
[0913/112728.559:INFO:CONSOLE(22)] "1663048648559 dobj:{"id":"8R9-67W-W75Z","pg":1,"cpg":"https://udaan.com/listing/TLCTSFKYJZPCP0T8D1GHPEQH8TLKWFH","WZRK_CAMP":{"wmp":0,"tlc":[]}}", source: https://d2r1yp2w7bby2u.cloudfront.net/js/a.js (22)
[0913/112728.559:INFO:CONSOLE(22)] "1663048648559 stored in WZRK_L reqNo : 2-> https://wzrkt.com/a?t=96&type=page&d=N4IglgJiBcIBwCUCcBaAbAdgOoqxgrAFogA0IADgOYwCMZAxlTCABYAub5AztAPS8BXCAENhAOwB09APYBbXgBswXNmDGVeAFQAyAYU0BlAGIBpAJoApQgAVd1gAya4AERoBxABLWAogEUPcDomWEYepCBYhAgmAPq6AIIAstYwoADusuQw9mRsCvQwANoAugC%2BpUAAA&rn=2&i=1663048648&sn=0", source: https://d2r1yp2w7bby2u.cloudfront.net/js/a.js (22)
[0913/112728.570:INFO:CONSOLE(2)] "mp_id 183356c87784cd-0169bf0c8edec-c571b34-75300-183356c8779d4d", source: https://udaan.com/main.17ed6be84f52fd9fdf67.js (2)
[0913/112728.653:INFO:CONSOLE(22)] "1663048648653 CleverTap error: 512: Opened event structure invalid. Not sent.", source: https://d2r1yp2w7bby2u.cloudfront.net/js/a.js (22)
[0913/112728.657:INFO:CONSOLE(836)] "Uncaught (in promise) SyntaxError: Expected ',' or '}' after property value in JSON at position 31997", source: https://udaan.com/listing/TLCJN011RJC58WQQHTGR0HFE2C217FK (836)
[0913/112728.659:INFO:CONSOLE(22)] "1663048648659 dobj:{"type":"event","evtName":"Opened","evtData":{"name":"Opened","~screenName":"AnonymousHome","~screenId":"","duration_ms":14,"~previousScreenName":"ListingDetails","platform":"web","screen_width":800,"screen_height":600,"token":"a67dbaed1119f2fb093820c9a14a2bcc"},"wzrk_error":{"c":512,"d":"Opened event structure invalid. Not sent."},"id":"8R9-67W-W75Z","g":"b421533088964a9eb263055d7b787dab","pg":1,"WZRK_CAMP":{"wmp":0,"tlc":[]}}", source: https://d2r1yp2w7bby2u.cloudfront.net/js/a.js (22)
[0913/112728.660:INFO:CONSOLE(22)] "1663048648660 stored in WZRK_L reqNo : 3-> https://wzrkt.com/a?t=96&type=push&d=N4IgLgngDgpiBcIYDcYDswgDROWAcgIYC2ciA8rGjACba5gAihYhCoaJZIl6t9APwDOAYwBOMdEVIIQAQTQB7NBGKKArkIASimTmHjJaAJJ1E9GurEsAlsoD6xIQgCMAFn1QJyO5oDKhlJcsgAyNkJgNmgA5owwrDYANs44UIksAGaKYsSyAO4wAEb0ohLo9nk2NGAAFggAHAAMjTilRvY1MDbRNZjwAGzNOGCKANbosoT9AOw0hYS0LksAnBkATBmFjcsAzPVrjSLLhO6Ea4UiIiAAvjh5AF5io%2FYwYmLZ7CBX8ACsLms4Mw8Ki0AAEKHQYFBETE6hEYCsMFBUWQhESVQAdKD8IooUJIRibjgqrJ6gAlZYAWhmAHVKTTpj8AFr0aKyQpuNYuH47HaNer1Zb9NyEZZFNb9Pk%2FH40aaFab1WaEYqpNnwFw4GlMskAaXsAGE5ABZAAKnzyxCgCBa4ES3wA2gBda7XIAA%3D%3D&rn=3&i=1663048648&sn=1", source: https://d2r1yp2w7bby2u.cloudfront.net/js/a.js (22)
[0913/112728.660:INFO:CONSOLE(22)] "1663048648660 dobj:{"j_n":"Zw==","i_n":"YmNlcgUEBgY=","d_ts":0,"dh":0,"v":1,"j_s":"{ }","id":"8R9-67W-W75Z","e_ts":0,"r_ts":1663048647}", source: https://d2r1yp2w7bby2u.cloudfront.net/js/a.js (22)
[0913/112728.661:INFO:CONSOLE(22)] "1663048648661 req snt -> url: https://wzrkt.com/a?t=96&type=push&d=N4IgLgngDgpiBcIYDcYDswgDROWAcgIYC2ciA8rGjACba5gAihYhCoaJZIl6t9APwDOAYwBOMdEVIIQAQTQB7NBGKKArkIASimTmHjJaAJJ1E9GurEsAlsoD6xIQgCMAFn1QJyO5oDKhlJcsgAyNkJgNmgA5owwrDYANs44UIksAGaKYsSyAO4wAEb0ohLo9nk2NGAAFggAHAAMjTilRvY1MDbRNZjwAGzNOGCKANbosoT9AOw0hYS0LksAnBkATBmFjcsAzPVrjSLLhO6Ea4UiIiAAvjh5AF5io%2FYwYmLZ7CBX8ACsLms4Mw8Ki0AAEKHQYFBETE6hEYCsMFBUWQhESVQAdKD8IooUJIRibjgqrJ6gAlZYAWhmAHVKTTpj8AFr0aKyQpuNYuH47HaNer1Zb9NyEZZFNb9Pk%2FH40aaFab1WaEYqpNnwFw4GlMskAaXsAGE5ABZAAKnzyxCgCBa4ES3wA2gBda7XIAA%3D%3D&rn=3&i=1663048648&sn=1&gc=b421533088964a9eb263055d7b787dab&arp=N4IgVg%2BgdiBcIC0DuBeFIA0ICW04gE0BbAOQBsBjAcwFUBRAISoPSwBMIAXAZzgAZ2AC35YAbnACMWSL3jAABAF9MONvgAcAJQCcAWgBsAdgDqu44YCsCFQFMusgSABO9yfv0BmPgBZ1%2B74aKQA%3D&useIP=false&r=1663048648660", source: https://d2r1yp2w7bby2u.cloudfront.net/js/a.js (22)
[0913/112728.663:INFO:CONSOLE(22)] "1663048648662 dobj:{"type":"event","evtName":"Opened","evtData":{"name":"Opened","~screenName":"MarketHomeFork","~screenId":"","duration_ms":16,"~previousScreenName":"ListingDetails","platform":"web","screen_width":800,"screen_height":600,"token":"a67dbaed1119f2fb093820c9a14a2bcc"},"id":"8R9-67W-W75Z","g":"b421533088964a9eb263055d7b787dab","pg":1,"WZRK_CAMP":{"wmp":0,"tlc":[]}}", source: https://d2r1yp2w7bby2u.cloudfront.net/js/a.js (22)
[0913/112728.663:INFO:CONSOLE(22)] "1663048648663 stored in WZRK_L reqNo : 4-> https://wzrkt.com/a?t=96&type=push&d=N4IgLgngDgpiBcIYDcYDswgDROWAcgIYC2ciA8rGjACba5gAihYhCoaJZIl6t9APwDOAYwBOMdEVIIQAWUJiA1jDAAJAPakAYhuWDRE9AEk6iejQCuYlgEsNaAPrEhCAIwA2HAKgTk9yyEAZXFJNGluABlbITBbNABzRlVCWwAbVxwoNJYAMz1iWQB3GAAjekMwxyLbGjAACwQADgAGFpxK9Ed6mFsE%2Bsx4DzacMA0VNFlCDwB2GlLCWjdlgE5cgCZc0paVgGYm9ZaRFcI3ABZCddKRERAAXxxa2SaAJRWAWlmAdXevmYBWABa9ASslKZ3Wbn%2Bu12LSaTRWHguKzK6w8sP%2B%2FxoM1KMyac0I5SyoPgbhwX0BLwA0o4AMIAQTkAAV2CAisQoAh2uA0rd4ABtAC6dzuQAAA&rn=4&i=1663048648&sn=0", source: https://d2r1yp2w7bby2u.cloudfront.net/js/a.js (22)
[0913/112728.663:INFO:CONSOLE(22)] "1663048648663 dobj:{"j_n":"Zw==","i_n":"YmNlcgUEBgY=","d_ts":0,"dh":0,"v":1,"j_s":"{ }","id":"8R9-67W-W75Z","e_ts":0,"r_ts":1663048647}", source: https://d2r1yp2w7bby2u.cloudfront.net/js/a.js (22)
[0913/112728.664:INFO:CONSOLE(22)] "1663048648664 req snt -> url: https://wzrkt.com/a?t=96&type=push&d=N4IgLgngDgpiBcIYDcYDswgDROWAcgIYC2ciA8rGjACba5gAihYhCoaJZIl6t9APwDOAYwBOMdEVIIQAWUJiA1jDAAJAPakAYhuWDRE9AEk6iejQCuYlgEsNaAPrEhCAIwA2HAKgTk9yyEAZXFJNGluABlbITBbNABzRlVCWwAbVxwoNJYAMz1iWQB3GAAjekMwxyLbGjAACwQADgAGFpxK9Ed6mFsE%2Bsx4DzacMA0VNFlCDwB2GlLCWjdlgE5cgCZc0paVgGYm9ZaRFcI3ABZCddKRERAAXxxa2SaAJRWAWlmAdXevmYBWABa9ASslKZ3Wbn%2Bu12LSaTRWHguKzK6w8sP%2B%2FxoM1KMyac0I5SyoPgbhwX0BLwA0o4AMIAQTkAAV2CAisQoAh2uA0rd4ABtAC6dzuQAAA&rn=4&i=1663048648&sn=0&gc=b421533088964a9eb263055d7b787dab&arp=N4IgVg%2BgdiBcIC0DuBeFIA0ICW04gE0BbAOQBsBjAcwFUBRAISoPSwBMIAXAZzgAZ2AC35YAbnACMWSL3jAABAF9MONvgAcAJQCcAWgBsAdgDqu44YCsCFQFMusgSABO9yfv0BmPgBZ1%2B74aKQA%3D&useIP=false&r=1663048648663", source: https://d2r1yp2w7bby2u.cloudfront.net/js/a.js (22)
[0913/112728.727:INFO:CONSOLE(22)] "1663048648727 del event: 1 data->https://wzrkt.com/a?t=96&type=push&d=N4IgLgngDgpiBcIoCcD2AzAlgGzgGiTS1wVAGMwB9VKMVAVzAXQENsBnGAXwMwBMEIABwAlAJwBaAGwB2AOoS5MgKwAtEASgBzBAEYuQAAA%3D&optOut=false&rn=1&i=1663048648&sn=0", source: https://d2r1yp2w7bby2u.cloudfront.net/js/a.js (22)
[0913/112728.727:INFO:CONSOLE(22)] "1663048648727 Cookie was null set to 1cb5865d022b4250b54ecbd9d2d1905f", source: https://d2r1yp2w7bby2u.cloudfront.net/js/a.js (22)
[0913/112728.732:INFO:CONSOLE(22)] "1663048648731 dobj:{"type":"profile","profile":{"ct_optout":false},"id":"8R9-67W-W75Z","pg":1}", source: https://d2r1yp2w7bby2u.cloudfront.net/js/a.js (22)
[0913/112728.733:INFO:CONSOLE(22)] "1663048648734 stored in WZRK_L reqNo : 1-> https://wzrkt.com/a?t=96&type=push&d=N4IgLgngDgpiBcIoCcD2AzAlgGzgGiTS1wVAGMwB9VKMVAVzAXQENsBnGAXwMwBMEIABwAlAJwBaAGwB2AOoS5MgKwAtEASgBzBAEYuQAAA%3D&optOut=false&rn=1&i=1663048648&sn=0", source: https://d2r1yp2w7bby2u.cloudfront.net/js/a.js (22)
[0913/112728.734:INFO:CONSOLE(22)] "1663048648735 req snt -> url: https://wzrkt.com/a?t=96&type=push&d=N4IgLgngDgpiBcIoCcD2AzAlgGzgGiTS1wVAGMwB9VKMVAVzAXQENsBnGAXwMwBMEIABwAlAJwBaAGwB2AOoS5MgKwAtEASgBzBAEYuQAAA%3D&optOut=false&rn=1&i=1663048648&sn=0&useIP=false&r=1663048648734", source: https://d2r1yp2w7bby2u.cloudfront.net/js/a.js (22)
[0913/112728.736:INFO:CONSOLE(22)] "1663048648737 dobj:{"id":"8R9-67W-W75Z","pg":1,"cpg":"https://udaan.com/listing/TLCTSFKYJZPCP0T8D1GHPEQH8TLKWFH","WZRK_CAMP":{"wmp":0,"tlc":[]}}", source: https://d2r1yp2w7bby2u.cloudfront.net/js/a.js (22)
[0913/112728.737:INFO:CONSOLE(22)] "1663048648737 stored in WZRK_L reqNo : 2-> https://wzrkt.com/a?t=96&type=page&d=N4IglgJiBcIBwCUCcBaAbAdgOoqxgrAFogA0IADgOYwCMZAxlTCABYAub5AztAPS8BXCAENhAOwB09APYBbXgBswXNmDGVeAFQAyAYU0BlAGIBpAJoApQgAVd1gAya4AERoBxABLWAogEUPcDomWEYepCBYhAgmAPq6AIIAstYwoADusuQw9mRsCvQwANoAugC%2BpUAAA&rn=2&i=1663048648&sn=0", source: https://d2r1yp2w7bby2u.cloudfront.net/js/a.js (22)
[0913/112728.751:INFO:CONSOLE(2)] "mp_id 183356c882d14-0a984e2aea3e44-c571b34-75300-183356c882e68a", source: https://udaan.com/main.17ed6be84f52fd9fdf67.js (2)
[0913/112728.779:INFO:CONSOLE(22)] "1663048648778 dobj:{"j_n":"Zw==","i_n":"YmNqfgcCCQQ=","d_ts":0,"dh":0,"v":1,"j_s":"{ }","id":"8R9-67W-W75Z","e_ts":0,"r_ts":1663048648}", source: https://d2r1yp2w7bby2u.cloudfront.net/js/a.js (22)
[0913/112728.780:INFO:CONSOLE(22)] "1663048648779 req snt -> url: https://wzrkt.com/a?t=96&type=page&d=N4IglgJiBcIBwCUCcBaAbAdgOoqxgrAFogA0IADgOYwCMZAxlTCABYAub5AztAPS8BXCAENhAOwB09APYBbXgBswXNmDGVeAFQAyAYU0BlAGIBpAJoApQgAVd1gAya4AERoBxABLWAogEUPcDomWEYepCBYhAgmAPq6AIIAstYwoADusuQw9mRsCvQwANoAugC%2BpUAAA&rn=2&i=1663048648&sn=0&gc=1cb5865d022b4250b54ecbd9d2d1905f&arp=N4IgVg%2BgdiBcIC0DuBeFIA0ICW04gE0BbAOQEcAzAcwGMBhOgRUfSwBMIAXAZzgAZ2AC35YAbnACMWSL3jAABAF9MONvgAcAJQCcAWgBsAdgDqu44YCsCFQFMusgSABO9yfv0BmPgBZ1%2B34pAAA%3D&useIP=false&r=1663048648779", source: https://d2r1yp2w7bby2u.cloudfront.net/js/a.js (22)
[0913/112728.902:INFO:CONSOLE(22)] "1663048648902 del event: 1 data->https://wzrkt.com/a?t=96&type=push&d=N4IgLgngDgpiBcIoCcD2AzAlgGzgGiTS1wVAGMwB9VKMVAVzAXQENsBnGAXwMwBMEIABwAlAJwBaAGwB2AOoS5MgKwAtEASgBzBAEYuQAAA%3D&optOut=false&rn=1&i=1663048648&sn=0", source: https://d2r1yp2w7bby2u.cloudfront.net/js/a.js (22)
[0913/112728.902:INFO:CONSOLE(22)] "1663048648903 Cookie was null set to cccc10e5233745c9bc7ab6d8edc5c7bb", source: https://d2r1yp2w7bby2u.cloudfront.net/js/a.js (22)
[0913/112728.960:INFO:CONSOLE(22)] "1663048648961 dobj:{"j_n":"Zw==","i_n":"YmNlcgUEBgc=","d_ts":0,"dh":0,"v":1,"j_s":"{ }","id":"8R9-67W-W75Z","e_ts":0,"r_ts":1663048648}", source: https://d2r1yp2w7bby2u.cloudfront.net/js/a.js (22)
[0913/112728.961:INFO:CONSOLE(22)] "1663048648962 req snt -> url: https://wzrkt.com/a?t=96&type=page&d=N4IglgJiBcIBwCUCcBaAbAdgOoqxgrAFogA0IADgOYwCMZAxlTCABYAub5AztAPS8BXCAENhAOwB09APYBbXgBswXNmDGVeAFQAyAYU0BlAGIBpAJoApQgAVd1gAya4AERoBxABLWAogEUPcDomWEYepCBYhAgmAPq6AIIAstYwoADusuQw9mRsCvQwANoAugC%2BpUAAA&rn=2&i=1663048648&sn=0&gc=cccc10e5233745c9bc7ab6d8edc5c7bb&arp=N4IgVg%2BgdiBcIC0DuBeFIA0ICW04gE0BbAOQBsBjAcwFUBRAISovSwBMIAXAZzgAZ2AC35YAbnACMWSL3jAABAF9MONvgAcAJQCcAWgBsAdgDqu44YCsCFQFMusgSABO9yfv0BmPgBZ1%2B34pAAA%3D&useIP=false&r=1663048648961", source: https://d2r1yp2w7bby2u.cloudfront.net/js/a.js (22)
[0913/112728.998:INFO:CONSOLE(22)] "1663048648997 del event: 2 data->https://wzrkt.com/a?t=96&type=page&d=N4IglgJiBcIBwCUCcBaAbAdgOoqxgrAFogA0IADgOYwCMZAxlTCABYAub5AztAPS8BXCAENhAOwB09APYBbXgBswXNmDGVeAFQAyAYU0BlAGIBpAJoApQgAVd1gAya4AERoBxABLWAogEUPcDomWEYepCBYhAgmAPq6AIIAstYwoADusuQw9mRsCvQwANoAugC%2BpUAAA&rn=2&i=1663048648&sn=0", source: https://d2r1yp2w7bby2u.cloudfront.net/js/a.js (22)
[0913/112729.047:INFO:CONSOLE(22)] "1663048649046 Processing backup event : https://wzrkt.com/a?t=96&type=push&d=N4IgLgngDgpiBcIYDcYDswgDROWAcgIYC2ciA8rGjACba5gAihYhCoaJZIl6t9APwDOAYwBOMdEVIIQAQTQB7NBGKKArkIASimTmHjJaAJJ1E9GurEsAlsoD6xIQgCMAFn1QJyO5oDKhlJcsgAyNkJgNmgA5owwrDYANs44UIksAGaKYsSyAO4wAEb0ohLo9nk2NGAAFggAHAAMjTilRvY1MDbRNZjwAGzNOGCKANbosoT9AOw0hYS0LksAnBkATBmFjcsAzPVrjSLLhO6Ea4UiIiAAvjh5AF5io%2FYwYmLZ7CBX8ACsLms4Mw8Ki0AAEKHQYFBETE6hEYCsMFBUWQhESVQAdKD8IooUJIRibjgqrJ6gAlZYAWhmAHVKTTpj8AFr0aKyQpuNYuH47HaNer1Zb9NyEZZFNb9Pk%2FH40aaFab1WaEYqpNnwFw4GlMskAaXsAGE5ABZAAKnzyxCgCBa4ES3wA2gBda7XIAA%3D%3D&rn=3&i=1663048648&sn=1", source: https://d2r1yp2w7bby2u.cloudfront.net/js/a.js (22)
[0913/112729.047:INFO:CONSOLE(22)] "1663048649047 dobj:{"j_n":"YmJmfwYHAgc=","i_n":"YmJmfwYHAgc=","d_ts":0,"dh":0,"v":1,"j_s":"{ }","id":"8R9-67W-W75Z","e_ts":0,"r_ts":1658811138}", source: https://d2r1yp2w7bby2u.cloudfront.net/js/a.js (22)
[0913/112729.048:INFO:CONSOLE(22)] "1663048649047 req snt -> url: https://wzrkt.com/a?t=96&type=push&d=N4IgLgngDgpiBcIYDcYDswgDROWAcgIYC2ciA8rGjACba5gAihYhCoaJZIl6t9APwDOAYwBOMdEVIIQAQTQB7NBGKKArkIASimTmHjJaAJJ1E9GurEsAlsoD6xIQgCMAFn1QJyO5oDKhlJcsgAyNkJgNmgA5owwrDYANs44UIksAGaKYsSyAO4wAEb0ohLo9nk2NGAAFggAHAAMjTilRvY1MDbRNZjwAGzNOGCKANbosoT9AOw0hYS0LksAnBkATBmFjcsAzPVrjSLLhO6Ea4UiIiAAvjh5AF5io%2FYwYmLZ7CBX8ACsLms4Mw8Ki0AAEKHQYFBETE6hEYCsMFBUWQhESVQAdKD8IooUJIRibjgqrJ6gAlZYAWhmAHVKTTpj8AFr0aKyQpuNYuH47HaNer1Zb9NyEZZFNb9Pk%2FH40aaFab1WaEYqpNnwFw4GlMskAaXsAGE5ABZAAKnzyxCgCBa4ES3wA2gBda7XIAA%3D%3D&rn=3&i=1663048648&sn=1&gc=fefb7ab9c3c84caa9a9e566f0953ea21&arp=N4IgVg%2BgdiBcIE0C2ApJAzA7ggEgQQHMBjAXhABoQBLaORVDbfYsygEwgBcBnOABnYALfpQBucAIyVIveMAAEAXwrU2dABwAlAJwBaAGwB2AOq7jhgKwAtFQFMusgSABODyfovr1EnwGZ1ikAAA%3D&useIP=false&r=1663048649047", source: https://d2r1yp2w7bby2u.cloudfront.net/js/a.js (22)
[0913/112729.048:INFO:CONSOLE(22)] "1663048649048 Processing backup event : https://wzrkt.com/a?t=96&type=push&d=N4IgLgngDgpiBcIYDcYDswgDROWAcgIYC2ciA8rGjACba5gAihYhCoaJZIl6t9APwDOAYwBOMdEVIIQAWUJiA1jDAAJAPakAYhuWDRE9AEk6iejQCuYlgEsNaAPrEhCAIwA2HAKgTk9yyEAZXFJNGluABlbITBbNABzRlVCWwAbVxwoNJYAMz1iWQB3GAAjekMwxyLbGjAACwQADgAGFpxK9Ed6mFsE%2Bsx4DzacMA0VNFlCDwB2GlLCWjdlgE5cgCZc0paVgGYm9ZaRFcI3ABZCddKRERAAXxxa2SaAJRWAWlmAdXevmYBWABa9ASslKZ3Wbn%2Bu12LSaTRWHguKzK6w8sP%2B%2FxoM1KMyac0I5SyoPgbhwX0BLwA0o4AMIAQTkAAV2CAisQoAh2uA0rd4ABtAC6dzuQAAA&rn=4&i=1663048648&sn=0", source: https://d2r1yp2w7bby2u.cloudfront.net/js/a.js (22)
[0913/112729.048:INFO:CONSOLE(22)] "1663048649048 dobj:{"j_n":"YmJmfwYHAgc=","i_n":"YmJmfwYHAgc=","d_ts":0,"dh":0,"v":1,"j_s":"{ }","id":"8R9-67W-W75Z","e_ts":0,"r_ts":1658811138}", source: https://d2r1yp2w7bby2u.cloudfront.net/js/a.js (22)
[0913/112729.049:INFO:CONSOLE(22)] "1663048649048 req snt -> url: https://wzrkt.com/a?t=96&type=push&d=N4IgLgngDgpiBcIYDcYDswgDROWAcgIYC2ciA8rGjACba5gAihYhCoaJZIl6t9APwDOAYwBOMdEVIIQAWUJiA1jDAAJAPakAYhuWDRE9AEk6iejQCuYlgEsNaAPrEhCAIwA2HAKgTk9yyEAZXFJNGluABlbITBbNABzRlVCWwAbVxwoNJYAMz1iWQB3GAAjekMwxyLbGjAACwQADgAGFpxK9Ed6mFsE%2Bsx4DzacMA0VNFlCDwB2GlLCWjdlgE5cgCZc0paVgGYm9ZaRFcI3ABZCddKRERAAXxxa2SaAJRWAWlmAdXevmYBWABa9ASslKZ3Wbn%2Bu12LSaTRWHguKzK6w8sP%2B%2FxoM1KMyac0I5SyoPgbhwX0BLwA0o4AMIAQTkAAV2CAisQoAh2uA0rd4ABtAC6dzuQAAA&rn=4&i=1663048648&sn=0&gc=fefb7ab9c3c84caa9a9e566f0953ea21&arp=N4IgVg%2BgdiBcIE0C2ApJAzA7ggEgQQHMBjAXhABoQBLaORVDbfYsygEwgBcBnOABnYALfpQBucAIyVIveMAAEAXwrU2dABwAlAJwBaAGwB2AOq7jhgKwAtFQFMusgSABODyfovr1EnwGZ1ikAAA%3D&useIP=false&r=1663048649048", source: https://d2r1yp2w7bby2u.cloudfront.net/js/a.js (22)
[0913/112729.050:INFO:CONSOLE(22)] "1663048649049 dobj:{"type":"profile","profile":{"ct_optout":false},"id":"8R9-67W-W75Z","g":"fefb7ab9c3c84caa9a9e566f0953ea21","pg":1}", source: https://d2r1yp2w7bby2u.cloudfront.net/js/a.js (22)
[0913/112729.050:INFO:CONSOLE(22)] "1663048649049 stored in WZRK_L reqNo : 1-> https://wzrkt.com/a?t=96&type=push&d=N4IgLgngDgpiBcIoCcD2AzAlgGzgGiTS1wVAGMwB9VKMVAVzAXQENsBnGAXwMwBMEIABwAlAJwBaAGwB2AOoS5MgKwAtEAQDmg9DHQAjGS31iyAZjJCALGRYsx9mMqlT0ABjHKzMFgCYAjBpI2vD%2BXEA&optOut=false&rn=1&i=1663048649&sn=0", source: https://d2r1yp2w7bby2u.cloudfront.net/js/a.js (22)
[0913/112729.050:INFO:CONSOLE(22)] "1663048649050 dobj:{"j_n":"YmJmfwYHAgc=","i_n":"YmJmfwYHAgc=","d_ts":0,"dh":0,"v":1,"j_s":"{ }","id":"8R9-67W-W75Z","e_ts":0,"r_ts":1658811138}", source: https://d2r1yp2w7bby2u.cloudfront.net/js/a.js (22)
[0913/112729.051:INFO:CONSOLE(22)] "1663048649050 req snt -> url: https://wzrkt.com/a?t=96&type=push&d=N4IgLgngDgpiBcIoCcD2AzAlgGzgGiTS1wVAGMwB9VKMVAVzAXQENsBnGAXwMwBMEIABwAlAJwBaAGwB2AOoS5MgKwAtEAQDmg9DHQAjGS31iyAZjJCALGRYsx9mMqlT0ABjHKzMFgCYAjBpI2vD%2BXEA&optOut=false&rn=1&i=1663048649&sn=0&gc=fefb7ab9c3c84caa9a9e566f0953ea21&arp=N4IgVg%2BgdiBcIE0C2ApJAzA7ggEgQQHMBjAXhABoQBLaORVDbfYsygEwgBcBnOABnYALfpQBucAIyVIveMAAEAXwrU2dABwAlAJwBaAGwB2AOq7jhgKwAtFQFMusgSABODyfovr1EnwGZ1ikAAA%3D&useIP=false&r=1663048649050", source: https://d2r1yp2w7bby2u.cloudfront.net/js/a.js (22)
[0913/112729.052:INFO:CONSOLE(22)] "1663048649052 dobj:{"id":"8R9-67W-W75Z","g":"fefb7ab9c3c84caa9a9e566f0953ea21","pg":1,"cpg":"https://udaan.com/listing/TLBRF06WL7107XPQLDGQJGJJPW6TNZH","WZRK_CAMP":{"wmp":0,"tlc":[]}}", source: https://d2r1yp2w7bby2u.cloudfront.net/js/a.js (22)
[0913/112729.053:INFO:CONSOLE(22)] "1663048649052 stored in WZRK_L reqNo : 2-> https://wzrkt.com/a?t=96&type=page&d=N4IglgJiBcIBwCUCcBaAbAdgOoqxgrAFogA0IA5jCAGYCm1ARhgIYNIDGAzO3ACzvNmSIbXxo01AAxJ8nWswBMARlIgADpWhKy7DVQAWAF0NqAztAD0FgK4RBAOwB07APYBbCwBswpw2HvkFgAqADIAQggAYpJoWCEYSpIYABoACgCKIQAiAOLpAFI5%2BfmpWGhBAHKEABKqWIQIANIA%2BgDCAIIAsqkwoADubmowkmSGnuwwANoAugC%2Bs0AA%3D&rn=2&i=1663048649&sn=0", source: https://d2r1yp2w7bby2u.cloudfront.net/js/a.js (22)
[0913/112729.053:INFO:CONSOLE(22)] "1663048649052 dobj:{"j_n":"YmJmfwYHAgc=","i_n":"YmJmfwYHAgc=","d_ts":0,"dh":0,"v":1,"j_s":"{ }","id":"8R9-67W-W75Z","e_ts":0,"r_ts":1658811138}", source: https://d2r1yp2w7bby2u.cloudfront.net/js/a.js (22)
[0913/112729.054:INFO:CONSOLE(22)] "1663048649053 req snt -> url: https://wzrkt.com/a?t=96&type=page&d=N4IglgJiBcIBwCUCcBaAbAdgOoqxgrAFogA0IA5jCAGYCm1ARhgIYNIDGAzO3ACzvNmSIbXxo01AAxJ8nWswBMARlIgADpWhKy7DVQAWAF0NqAztAD0FgK4RBAOwB07APYBbCwBswpw2HvkFgAqADIAQggAYpJoWCEYSpIYABoACgCKIQAiAOLpAFI5%2BfmpWGhBAHKEABKqWIQIANIA%2BgDCAIIAsqkwoADubmowkmSGnuwwANoAugC%2Bs0AA%3D&rn=2&i=1663048649&sn=0&gc=fefb7ab9c3c84caa9a9e566f0953ea21&arp=N4IgVg%2BgdiBcIE0C2ApJAzA7ggEgQQHMBjAXhABoQBLaORVDbfYsygEwgBcBnOABnYALfpQBucAIyVIveMAAEAXwrU2dABwAlAJwBaAGwB2AOq7jhgKwAtFQFMusgSABODyfovr1EnwGZ1ikAAA%3D&useIP=false&r=1663048649053", source: https://d2r1yp2w7bby2u.cloudfront.net/js/a.js (22)
[0913/112729.062:INFO:CONSOLE(2)] "mp_id 183356c818f420-09611ae4837dbd-c571b34-75300-183356c8190dc0", source: https://udaan.com/main.17ed6be84f52fd9fdf67.js (2)
[0913/112729.178:INFO:CONSOLE(22)] "1663048649178 del event: 2 data->https://wzrkt.com/a?t=96&type=page&d=N4IglgJiBcIBwCUCcBaAbAdgOoqxgrAFogA0IADgOYwCMZAxlTCABYAub5AztAPS8BXCAENhAOwB09APYBbXgBswXNmDGVeAFQAyAYU0BlAGIBpAJoApQgAVd1gAya4AERoBxABLWAogEUPcDomWEYepCBYhAgmAPq6AIIAstYwoADusuQw9mRsCvQwANoAugC%2BpUAAA&rn=2&i=1663048648&sn=0", source: https://d2r1yp2w7bby2u.cloudfront.net/js/a.js (22)
[0913/112729.220:INFO:CONSOLE(22)] "1663048649220 del event: 3 data->https://wzrkt.com/a?t=96&type=push&d=N4IgLgngDgpiBcIYDcYDswgDROWAcgIYC2ciA8rGjACba5gAihYhCoaJZIl6t9APwDOAYwBOMdEVIIQAQTQB7NBGKKArkIASimTmHjJaAJJ1E9GurEsAlsoD6xIQgCMAFn1QJyO5oDKhlJcsgAyNkJgNmgA5owwrDYANs44UIksAGaKYsSyAO4wAEb0ohLo9nk2NGAAFggAHAAMjTilRvY1MDbRNZjwAGzNOGCKANbosoT9AOw0hYS0LksAnBkATBmFjcsAzPVrjSLLhO6Ea4UiIiAAvjh5AF5io%2FYwYmLZ7CBX8ACsLms4Mw8Ki0AAEKHQYFBETE6hEYCsMFBUWQhESVQAdKD8IooUJIRibjgqrJ6gAlZYAWhmAHVKTTpj8AFr0aKyQpuNYuH47HaNer1Zb9NyEZZFNb9Pk%2FH40aaFab1WaEYqpNnwFw4GlMskAaXsAGE5ABZAAKnzyxCgCBa4ES3wA2gBda7XIAA%3D%3D&rn=3&i=1663048648&sn=1", source: https://d2r1yp2w7bby2u.cloudfront.net/js/a.js (22)
[0913/112729.221:INFO:CONSOLE(22)] "1663048649220 del event: 4 data->https://wzrkt.com/a?t=96&type=push&d=N4IgLgngDgpiBcIYDcYDswgDROWAcgIYC2ciA8rGjACba5gAihYhCoaJZIl6t9APwDOAYwBOMdEVIIQAWUJiA1jDAAJAPakAYhuWDRE9AEk6iejQCuYlgEsNaAPrEhCAIwA2HAKgTk9yyEAZXFJNGluABlbITBbNABzRlVCWwAbVxwoNJYAMz1iWQB3GAAjekMwxyLbGjAACwQADgAGFpxK9Ed6mFsE%2Bsx4DzacMA0VNFlCDwB2GlLCWjdlgE5cgCZc0paVgGYm9ZaRFcI3ABZCddKRERAAXxxa2SaAJRWAWlmAdXevmYBWABa9ASslKZ3Wbn%2Bu12LSaTRWHguKzK6w8sP%2B%2FxoM1KMyac0I5SyoPgbhwX0BLwA0o4AMIAQTkAAV2CAisQoAh2uA0rd4ABtAC6dzuQAAA&rn=4&i=1663048648&sn=0", source: https://d2r1yp2w7bby2u.cloudfront.net/js/a.js (22)
[0913/112729.221:INFO:CONSOLE(22)] "1663048649221 del event: 1 data->https://wzrkt.com/a?t=96&type=push&d=N4IgLgngDgpiBcIoCcD2AzAlgGzgGiTS1wVAGMwB9VKMVAVzAXQENsBnGAXwMwBMEIABwAlAJwBaAGwB2AOoS5MgKwAtEAQDmg9DHQAjGS31iyAZjJCALGRYsx9mMqlT0ABjHKzMFgCYAjBpI2vD%2BXEA&optOut=false&rn=1&i=1663048649&sn=0", source: https://d2r1yp2w7bby2u.cloudfront.net/js/a.js (22)
[0913/112729.221:INFO:CONSOLE(22)] "1663048649221 Cookie was fefb7ab9c3c84caa9a9e566f0953ea21 set to fefb7ab9c3c84caa9a9e566f0953ea21", source: https://d2r1yp2w7bby2u.cloudfront.net/js/a.js (22)
[0913/112729.222:INFO:CONSOLE(22)] "1663048649222 del event: 2 data->https://wzrkt.com/a?t=96&type=page&d=N4IglgJiBcIBwCUCcBaAbAdgOoqxgrAFogA0IA5jCAGYCm1ARhgIYNIDGAzO3ACzvNmSIbXxo01AAxJ8nWswBMARlIgADpWhKy7DVQAWAF0NqAztAD0FgK4RBAOwB07APYBbCwBswpw2HvkFgAqADIAQggAYpJoWCEYSpIYABoACgCKIQAiAOLpAFI5%2BfmpWGhBAHKEABKqWIQIANIA%2BgDCAIIAsqkwoADubmowkmSGnuwwANoAugC%2Bs0AA%3D&rn=2&i=1663048649&sn=0", source: https://d2r1yp2w7bby2u.cloudfront.net/js/a.js (22)
[0913/112729.276:INFO:CONSOLE(22)] "1663048649275 dobj:{"type":"profile","profile":{"ct_optout":false},"id":"8R9-67W-W75Z","pg":1}", source: https://d2r1yp2w7bby2u.cloudfront.net/js/a.js (22)
[0913/112729.277:INFO:CONSOLE(22)] "1663048649277 stored in WZRK_L reqNo : 1-> https://wzrkt.com/a?t=96&type=push&d=N4IgLgngDgpiBcIoCcD2AzAlgGzgGiTS1wVAGMwB9VKMVAVzAXQENsBnGAXwMwBMEIABwAlAJwBaAGwB2AOoS5MgKwAtEASgBzBAEYuQAAA%3D&optOut=false&rn=1&i=1663048649&sn=0", source: https://d2r1yp2w7bby2u.cloudfront.net/js/a.js (22)
[0913/112729.278:INFO:CONSOLE(22)] "1663048649278 req snt -> url: https://wzrkt.com/a?t=96&type=push&d=N4IgLgngDgpiBcIoCcD2AzAlgGzgGiTS1wVAGMwB9VKMVAVzAXQENsBnGAXwMwBMEIABwAlAJwBaAGwB2AOoS5MgKwAtEASgBzBAEYuQAAA%3D&optOut=false&rn=1&i=1663048649&sn=0&useIP=false&r=1663048649277", source: https://d2r1yp2w7bby2u.cloudfront.net/js/a.js (22)
[0913/112729.280:INFO:CONSOLE(22)] "1663048649280 dobj:{"id":"8R9-67W-W75Z","pg":1,"cpg":"https://udaan.com/listing/TLCTSFKYJZPCP0T8D1GHPEQH8TLKWFH","WZRK_CAMP":{"wmp":0,"tlc":[]}}", source: https://d2r1yp2w7bby2u.cloudfront.net/js/a.js (22)
[0913/112729.281:INFO:CONSOLE(22)] "1663048649281 stored in WZRK_L reqNo : 2-> https://wzrkt.com/a?t=96&type=page&d=N4IglgJiBcIBwCUCcBaAbAdgOoqxgrAFogA0IADgOYwCMZAxlTCABYAub5AztAPS8BXCAENhAOwB09APYBbXgBswXNmDGVeAFQAyAYU0BlAGIBpAJoApQgAVd1gAya4AERoBxABLWAogEUPcDomWEYepCBYhAgmAPq6AIIAstYwoADusuQw9mRsCvQwANoAugC%2BpUAAA&rn=2&i=1663048649&sn=0", source: https://d2r1yp2w7bby2u.cloudfront.net/js/a.js (22)
[0913/112729.297:INFO:CONSOLE(2)] "mp_id 183356c8a4b496-07a66820858352-c571b34-75300-183356c8a509db", source: https://udaan.com/main.17ed6be84f52fd9fdf67.js (2)
[0913/112729.356:INFO:CONSOLE(2)] "Uncaught (in promise) Error: Not Authorised", source: https://udaan.com/vendors.17ed6be84f52fd9fdf67.js (2)
[0913/112729.356:INFO:CONSOLE(2)] "Uncaught (in promise) TypeError: Failed to execute 'json' on 'Response': body stream already read", source: https://udaan.com/vendors.17ed6be84f52fd9fdf67.js (2)
[0913/112729.374:INFO:CONSOLE(836)] "Uncaught (in promise) SyntaxError: Expected ',' or '}' after property value in JSON at position 31997", source: https://udaan.com/listing/TLBRF06WL7107XPQLDGQJGJJPW6TNZH (836)
[0913/112729.438:INFO:CONSOLE(22)] "1663048649438 del event: 1 data->https://wzrkt.com/a?t=96&type=push&d=N4IgLgngDgpiBcIoCcD2AzAlgGzgGiTS1wVAGMwB9VKMVAVzAXQENsBnGAXwMwBMEIABwAlAJwBaAGwB2AOoS5MgKwAtEASgBzBAEYuQAAA%3D&optOut=false&rn=1&i=1663048649&sn=0", source: https://d2r1yp2w7bby2u.cloudfront.net/js/a.js (22)
[0913/112729.438:INFO:CONSOLE(22)] "1663048649438 Cookie was null set to 838fd866289e494782528de627b075fe", source: https://d2r1yp2w7bby2u.cloudfront.net/js/a.js (22)
[0913/112729.440:INFO:CONSOLE(2)] "Error during service worker registration: [object DOMException]", source: https://udaan.com/main.17ed6be84f52fd9fdf67.js (2)
[0913/112729.504:INFO:CONSOLE(2)] "Uncaught (in promise) Error: Not Authorised", source: https://udaan.com/vendors.17ed6be84f52fd9fdf67.js (2)
[0913/112729.504:INFO:CONSOLE(2)] "Uncaught (in promise) TypeError: Failed to execute 'json' on 'Response': body stream already read", source: https://udaan.com/vendors.17ed6be84f52fd9fdf67.js (2)
[0913/112729.594:INFO:CONSOLE(22)] "1663048649594 dobj:{"j_n":"Zw==","i_n":"YmNqegQGBAY=","d_ts":0,"dh":0,"v":1,"j_s":"{ }","id":"8R9-67W-W75Z","e_ts":0,"r_ts":1663048649}", source: https://d2r1yp2w7bby2u.cloudfront.net/js/a.js (22)
[0913/112729.595:INFO:CONSOLE(22)] "1663048649595 req snt -> url: https://wzrkt.com/a?t=96&type=page&d=N4IglgJiBcIBwCUCcBaAbAdgOoqxgrAFogA0IADgOYwCMZAxlTCABYAub5AztAPS8BXCAENhAOwB09APYBbXgBswXNmDGVeAFQAyAYU0BlAGIBpAJoApQgAVd1gAya4AERoBxABLWAogEUPcDomWEYepCBYhAgmAPq6AIIAstYwoADusuQw9mRsCvQwANoAugC%2BpUAAA&rn=2&i=1663048649&sn=0&gc=838fd866289e494782528de627b075fe&arp=N4IgVg%2BgdiBcIC0DuBeFIA0ICW04gE0BbAOQEcBTAcwEUBxAIQEED0sATCAFwGc4AGDgAsBWAG5wAjFkh94wAAQBfTDnb4AHACUAnAFoAbAHYA6npNGArAlUVucwSABO9qQYMBmfgBYNB7zpKQA%3D&useIP=false&r=1663048649594", source: https://d2r1yp2w7bby2u.cloudfront.net/js/a.js (22)
[0913/112729.658:ERROR:cache_util_win.cc(20)] Unable to move the cache: Access is denied. (0x5)
[0913/112729.658:ERROR:disk_cache.cc(204)] Unable to create cache
[0913/112729.658:ERROR:shader_disk_cache.cc(613)] Shader Cache Creation failed: -2
[0913/112729.805:ERROR:cache_util_win.cc(20)] Unable to move the cache: Access is denied. (0x5)
[0913/112729.805:ERROR:disk_cache.cc(204)] Unable to create cache
[0913/112729.805:ERROR:shader_disk_cache.cc(613)] Shader Cache Creation failed: -2
[0913/112729.825:INFO:CONSOLE(2)] "Uncaught (in promise) Error: Not Authorised", source: https://udaan.com/vendors.17ed6be84f52fd9fdf67.js (2)
[0913/112729.825:INFO:CONSOLE(2)] "Uncaught (in promise) TypeError: Failed to execute 'json' on 'Response': body stream already read", source: https://udaan.com/vendors.17ed6be84f52fd9fdf67.js (2)
[0913/112729.827:INFO:CONSOLE(22)] "1663048649828 del event: 2 data->https://wzrkt.com/a?t=96&type=page&d=N4IglgJiBcIBwCUCcBaAbAdgOoqxgrAFogA0IADgOYwCMZAxlTCABYAub5AztAPS8BXCAENhAOwB09APYBbXgBswXNmDGVeAFQAyAYU0BlAGIBpAJoApQgAVd1gAya4AERoBxABLWAogEUPcDomWEYepCBYhAgmAPq6AIIAstYwoADusuQw9mRsCvQwANoAugC%2BpUAAA&rn=2&i=1663048649&sn=0", source: https://d2r1yp2w7bby2u.cloudfront.net/js/a.js (22)
[0913/112729.877:INFO:CONSOLE(22)] "1663048649877 CleverTap error: 512: Opened event structure invalid. Not sent.", source: https://d2r1yp2w7bby2u.cloudfront.net/js/a.js (22)
[0913/112730.020:ERROR:cache_util_win.cc(20)] Unable to move the cache: Access is denied. (0x5)
[0913/112730.020:ERROR:disk_cache.cc(204)] Unable to create cache
[0913/112730.020:ERROR:shader_disk_cache.cc(613)] Shader Cache Creation failed: -2
[0913/112730.256:INFO:CONSOLE(22)] "1663048650254 dobj:{"type":"profile","profile":{"ct_optout":false},"id":"8R9-67W-W75Z","g":"fefb7ab9c3c84caa9a9e566f0953ea21","pg":1}", source: https://d2r1yp2w7bby2u.cloudfront.net/js/a.js (22)
[0913/112730.257:INFO:CONSOLE(22)] "1663048650256 stored in WZRK_L reqNo : 1-> https://wzrkt.com/a?t=96&type=push&d=N4IgLgngDgpiBcIoCcD2AzAlgGzgGiTS1wVAGMwB9VKMVAVzAXQENsBnGAXwMwBMEIABwAlAJwBaAGwB2AOoS5MgKwAtEAQDmg9DHQAjGS31iyAZjJCALGRYsx9mMqlT0ABjHKzMFgCYAjBpI2vD%2BXEA&optOut=false&rn=1&i=1663048650&sn=0", source: https://d2r1yp2w7bby2u.cloudfront.net/js/a.js (22)
[0913/112730.257:INFO:CONSOLE(22)] "1663048650257 dobj:{"j_n":"YmJmfwYHAgc=","i_n":"YmJmfwYHAgc=","d_ts":0,"dh":0,"v":1,"j_s":"{ }","id":"8R9-67W-W75Z","e_ts":0,"r_ts":1658811138}", source: https://d2r1yp2w7bby2u.cloudfront.net/js/a.js (22)
[0913/112730.258:INFO:CONSOLE(22)] "1663048650257 req snt -> url: https://wzrkt.com/a?t=96&type=push&d=N4IgLgngDgpiBcIoCcD2AzAlgGzgGiTS1wVAGMwB9VKMVAVzAXQENsBnGAXwMwBMEIABwAlAJwBaAGwB2AOoS5MgKwAtEAQDmg9DHQAjGS31iyAZjJCALGRYsx9mMqlT0ABjHKzMFgCYAjBpI2vD%2BXEA&optOut=false&rn=1&i=1663048650&sn=0&gc=fefb7ab9c3c84caa9a9e566f0953ea21&arp=N4IgVg%2BgdiBcIE0C2ApJAzA7ggEgQQHMBjAXhABoQBLaORVDbfYsygEwgBcBnOABnYALfpQBucAIyVIveMAAEAXwrU2dABwAlAJwBaAGwB2AOq7jhgKwAtFQFMusgSABODyfovr1EnwGZ1ikAAA%3D&useIP=false&r=1663048650257", source: https://d2r1yp2w7bby2u.cloudfront.net/js/a.js (22)
[0913/112730.260:INFO:CONSOLE(22)] "1663048650259 dobj:{"id":"8R9-67W-W75Z","g":"fefb7ab9c3c84caa9a9e566f0953ea21","pg":1,"cpg":"https://udaan.com/listing/TLCEJ0H8622RH55QNCZJLB3E6J4N89C","WZRK_CAMP":{"wmp":0,"tlc":[]}}", source: https://d2r1yp2w7bby2u.cloudfront.net/js/a.js (22)
[0913/112730.261:INFO:CONSOLE(22)] "1663048650260 stored in WZRK_L reqNo : 2-> https://wzrkt.com/a?t=96&type=page&d=N4IglgJiBcIBwCUCcBaAbAdgOoqxgrAFogA0IA5jCAGYCm1ARhgIYNIDGAzO3ACzvNmSIbXxo01AAxJ8nWswBMARlIgADpWhKy7DVQAWAF0NqAztAD0FgK4RBAOwB07APYBbCwBswpw2HvkFgAqADIAwgCiAFKSABJwaAoKCLH4%2BACKAHJhhFEhAEKcEWhRvJlwSGGqWIQIANIA%2BmEAggCyAAowoADubmowkmSGnuwwANoAugC%2BU0AAA&rn=2&i=1663048650&sn=0", source: https://d2r1yp2w7bby2u.cloudfront.net/js/a.js (22)
[0913/112730.261:INFO:CONSOLE(22)] "1663048650260 dobj:{"j_n":"YmJmfwYHAgc=","i_n":"YmJmfwYHAgc=","d_ts":0,"dh":0,"v":1,"j_s":"{ }","id":"8R9-67W-W75Z","e_ts":0,"r_ts":1658811138}", source: https://d2r1yp2w7bby2u.cloudfront.net/js/a.js (22)
[0913/112730.261:INFO:CONSOLE(22)] "1663048650261 req snt -> url: https://wzrkt.com/a?t=96&type=page&d=N4IglgJiBcIBwCUCcBaAbAdgOoqxgrAFogA0IA5jCAGYCm1ARhgIYNIDGAzO3ACzvNmSIbXxo01AAxJ8nWswBMARlIgADpWhKy7DVQAWAF0NqAztAD0FgK4RBAOwB07APYBbCwBswpw2HvkFgAqADIAwgCiAFKSABJwaAoKCLH4%2BACKAHJhhFEhAEKcEWhRvJlwSGGqWIQIANIA%2BmEAggCyAAowoADubmowkmSGnuwwANoAugC%2BU0AAA&rn=2&i=1663048650&sn=0&gc=fefb7ab9c3c84caa9a9e566f0953ea21&arp=N4IgVg%2BgdiBcIE0C2ApJAzA7ggEgQQHMBjAXhABoQBLaORVDbfYsygEwgBcBnOABnYALfpQBucAIyVIveMAAEAXwrU2dABwAlAJwBaAGwB2AOq7jhgKwAtFQFMusgSABODyfovr1EnwGZ1ikAAA%3D&useIP=false&r=1663048650260", source: https://d2r1yp2w7bby2u.cloudfront.net/js/a.js (22)
[0913/112730.272:INFO:CONSOLE(2)] "mp_id 183356c8514b48-071c48e0da17ac-c571b34-75300-183356c8515dba", source: https://udaan.com/main.17ed6be84f52fd9fdf67.js (2)
[0913/112730.439:INFO:CONSOLE(22)] "1663048650439 del event: 1 data->https://wzrkt.com/a?t=96&type=push&d=N4IgLgngDgpiBcIoCcD2AzAlgGzgGiTS1wVAGMwB9VKMVAVzAXQENsBnGAXwMwBMEIABwAlAJwBaAGwB2AOoS5MgKwAtEAQDmg9DHQAjGS31iyAZjJCALGRYsx9mMqlT0ABjHKzMFgCYAjBpI2vD%2BXEA&optOut=false&rn=1&i=1663048650&sn=0", source: https://d2r1yp2w7bby2u.cloudfront.net/js/a.js (22)
[0913/112730.439:INFO:CONSOLE(22)] "1663048650440 Cookie was fefb7ab9c3c84caa9a9e566f0953ea21 set to fefb7ab9c3c84caa9a9e566f0953ea21", source: https://d2r1yp2w7bby2u.cloudfront.net/js/a.js (22)
[0913/112730.441:INFO:CONSOLE(22)] "1663048650441 del event: 2 data->https://wzrkt.com/a?t=96&type=page&d=N4IglgJiBcIBwCUCcBaAbAdgOoqxgrAFogA0IA5jCAGYCm1ARhgIYNIDGAzO3ACzvNmSIbXxo01AAxJ8nWswBMARlIgADpWhKy7DVQAWAF0NqAztAD0FgK4RBAOwB07APYBbCwBswpw2HvkFgAqADIAwgCiAFKSABJwaAoKCLH4%2BACKAHJhhFEhAEKcEWhRvJlwSGGqWIQIANIA%2BmEAggCyAAowoADubmowkmSGnuwwANoAugC%2BU0AAA&rn=2&i=1663048650&sn=0", source: https://d2r1yp2w7bby2u.cloudfront.net/js/a.js (22)
[0913/112730.636:INFO:CONSOLE(836)] "Uncaught (in promise) SyntaxError: Expected ',' or '}' after property value in JSON at position 31997", source: https://udaan.com/listing/TLCEJ0H8622RH55QNCZJLB3E6J4N89C (836)
[0913/112731.248:INFO:CONSOLE(22)] "1663048651248 CleverTap error: 512: Opened event structure invalid. Not sent.", source: https://d2r1yp2w7bby2u.cloudfront.net/js/a.js (22)
